<?xml version="1.0" encoding="UTF-8"?>
<TestRun id="3e384e90-4dbf-4731-a552-62566db00a67" name="David@DAVID-PC 2010-10-15 20:22:27" runUser="David-PC\David" xmlns="http://microsoft.com/schemas/VisualStudio/TeamTest/2010">
  <TestSettings name="Local" id="e3806303-e089-4f10-bb32-2e32b5244119">
    <Description>These are default test settings for a local test run.</Description>
    <Deployment enabled="false" runDeploymentRoot="David_DAVID-PC 2010-10-15 20_22_27" />
    <Execution>
      <TestTypeSpecific />
      <AgentRule name="Execution Agents">
      </AgentRule>
    </Execution>
  </TestSettings>
  <Times creation="2010-10-15T20:22:27.1701729-05:00" queuing="2010-10-15T20:22:27.6901737-05:00" start="2010-10-15T20:22:27.9101740-05:00" finish="2010-10-15T20:22:30.2301772-05:00" />
  <ResultSummary outcome="Failed">
    <Counters total="1" executed="1" error="0" failed="1" timeout="0" aborted="0" inconclusive="0" passedButRunAborted="0" notRunnable="0" notExecuted="0" disconnected="0" warning="0" passed="0" completed="0" inProgress="0" pending="0" />
  </ResultSummary>
  <TestDefinitions>
    <UnitTest name="CanRetrieveAListOfPapers" storage="c:\development\whitepaperbible\whitepaperbible.tests\bin\debug\whitepaperbible.tests.dll" id="6110bd62-6c84-a71e-47a6-dd2bc1bc724b">
      <Execution timeOut="1800000" id="13f0b819-23ed-40bb-ac2b-bfae252766b3" />
      <TestMethod codeBase="C:/Development/WhitePaperBible/WhitePaperBible.Tests/bin/Debug/WhitePaperBible.Tests.DLL" adapterTypeName="Microsoft.VisualStudio.TestTools.TestTypes.Unit.UnitTestAdapter, Microsoft.VisualStudio.QualityTools.Tips.UnitTest.Adapter, Version=10.0.0.0, Culture=neutral, PublicKeyToken=b03f5f7f11d50a3a" className="WhitePaperBible.Tests.UnitTest1, WhitePaperBible.Tests, Version=1.0.0.0, Culture=neutral, PublicKeyToken=null" name="CanRetrieveAListOfPapers" />
    </UnitTest>
  </TestDefinitions>
  <TestLists>
    <TestList name="Results Not in a List" id="8c84fa94-04c1-424b-9868-57a2d4851a1d" />
    <TestList name="All Loaded Results" id="19431567-8539-422a-85d7-44ee4e166bda" />
  </TestLists>
  <TestEntries>
    <TestEntry testId="6110bd62-6c84-a71e-47a6-dd2bc1bc724b" executionId="13f0b819-23ed-40bb-ac2b-bfae252766b3" testListId="8c84fa94-04c1-424b-9868-57a2d4851a1d" />
  </TestEntries>
  <Results>
    <UnitTestResult executionId="13f0b819-23ed-40bb-ac2b-bfae252766b3" testId="6110bd62-6c84-a71e-47a6-dd2bc1bc724b" testName="CanRetrieveAListOfPapers" computerName="DAVID-PC" duration="00:00:00.0842380" startTime="2010-10-15T20:22:30.0301770-05:00" endTime="2010-10-15T20:22:30.1601771-05:00" testType="13cdc9d9-ddb5-4fa4-a97d-d965ccfc6d4b" outcome="Failed" testListId="8c84fa94-04c1-424b-9868-57a2d4851a1d" relativeResultsDirectory="13f0b819-23ed-40bb-ac2b-bfae252766b3">
      <Output>
        <ErrorInfo>
          <Message>Test method WhitePaperBible.Tests.UnitTest1.CanRetrieveAListOfPapers threw exception: 
System.NotImplementedException: The method or operation is not implemented.</Message>
          <StackTrace>    at WhitePaperBible.Services.PaperService.GetPapers() in C:\Development\WhitePaperBible\WhitePaperBible.Services\PaperService.cs:line 22
   at WhitePaperBible.Tests.UnitTest1.CanRetrieveAListOfPapers() in C:\Development\WhitePaperBible\WhitePaperBible.Tests\UnitTest1.cs:line 68
</StackTrace>
        </ErrorInfo>
      </Output>
    </UnitTestResult>
  </Results>
</TestRun>