<?xml version="1.0" encoding="UTF-8"?>
<TestRun id="8e1d0d17-1dbf-4a79-ad43-14be44560092" name="David@DAVID-PC 2010-10-15 23:12:29" runUser="David-PC\David" xmlns="http://microsoft.com/schemas/VisualStudio/TeamTest/2010">
  <TestSettings name="Local" id="e3806303-e089-4f10-bb32-2e32b5244119">
    <Description>These are default test settings for a local test run.</Description>
    <Deployment enabled="false" runDeploymentRoot="David_DAVID-PC 2010-10-15 23_12_29" />
    <Execution>
      <TestTypeSpecific />
      <AgentRule name="Execution Agents">
      </AgentRule>
    </Execution>
  </TestSettings>
  <Times creation="2010-10-15T23:12:29.0968623-05:00" queuing="2010-10-15T23:12:29.4518826-05:00" start="2010-10-15T23:12:29.6948965-05:00" finish="2010-10-15T23:12:57.1725811-05:00" />
  <ResultSummary outcome="Failed">
    <Counters total="1" executed="1" error="0" failed="1" timeout="0" aborted="0" inconclusive="0" passedButRunAborted="0" notRunnable="0" notExecuted="0" disconnected="0" warning="0" passed="0" completed="0" inProgress="0" pending="0" />
  </ResultSummary>
  <TestDefinitions>
    <UnitTest name="CanRetrieveAListOfPapers" storage="c:\development\whitepaperbible\whitepaperbible.tests\bin\debug\whitepaperbible.tests.dll" id="6110bd62-6c84-a71e-47a6-dd2bc1bc724b">
      <Execution timeOut="1800000" id="73f6838c-3322-492a-8b58-9a80a3dc7a63" />
      <TestMethod codeBase="C:/Development/WhitePaperBible/WhitePaperBible.Tests/bin/Debug/WhitePaperBible.Tests.DLL" adapterTypeName="Microsoft.VisualStudio.TestTools.TestTypes.Unit.UnitTestAdapter, Microsoft.VisualStudio.QualityTools.Tips.UnitTest.Adapter, Version=10.0.0.0, Culture=neutral, PublicKeyToken=b03f5f7f11d50a3a" className="WhitePaperBible.Tests.UnitTest1, WhitePaperBible.Tests, Version=1.0.0.0, Culture=neutral, PublicKeyToken=null" name="CanRetrieveAListOfPapers" />
    </UnitTest>
  </TestDefinitions>
  <TestLists>
    <TestList name="Results Not in a List" id="8c84fa94-04c1-424b-9868-57a2d4851a1d" />
    <TestList name="All Loaded Results" id="19431567-8539-422a-85d7-44ee4e166bda" />
  </TestLists>
  <TestEntries>
    <TestEntry testId="6110bd62-6c84-a71e-47a6-dd2bc1bc724b" executionId="73f6838c-3322-492a-8b58-9a80a3dc7a63" testListId="8c84fa94-04c1-424b-9868-57a2d4851a1d" />
  </TestEntries>
  <Results>
    <UnitTestResult executionId="73f6838c-3322-492a-8b58-9a80a3dc7a63" testId="6110bd62-6c84-a71e-47a6-dd2bc1bc724b" testName="CanRetrieveAListOfPapers" computerName="DAVID-PC" duration="00:00:27.2397762" startTime="2010-10-15T23:12:29.7559000-05:00" endTime="2010-10-15T23:12:57.0905764-05:00" testType="13cdc9d9-ddb5-4fa4-a97d-d965ccfc6d4b" outcome="Failed" testListId="8c84fa94-04c1-424b-9868-57a2d4851a1d" relativeResultsDirectory="73f6838c-3322-492a-8b58-9a80a3dc7a63">
      <Output>
        <ErrorInfo>
          <Message>Test method WhitePaperBible.Tests.UnitTest1.CanRetrieveAListOfPapers threw exception: 
System.IO.FileNotFoundException: Could not load file or assembly 'System.Net, Version=2.0.5.0, Culture=neutral, PublicKeyToken=7cec85d7bea7798e' or one of its dependencies. The system cannot find the file specified.=== Pre-bind state information ===
LOG: User = David-PC\David
LOG: DisplayName = System.Net, Version=2.0.5.0, Culture=neutral, PublicKeyToken=7cec85d7bea7798e
 (Fully-specified)
LOG: Appbase = file:///C:/Development/WhitePaperBible/WhitePaperBible.Tests/bin/Debug
LOG: Initial PrivatePath = NULL
Calling assembly : RestSharp.WindowsPhone, Version=1.0.0.0, Culture=neutral, PublicKeyToken=null.
===
LOG: This bind starts in default load context.
LOG: No application configuration file found.
LOG: Using host configuration file: 
LOG: Using machine configuration file from C:\Windows\Microsoft.NET\Framework\v4.0.30319\config\machine.config.
LOG: Post-policy reference: System.Net, Version=2.0.5.0, Culture=neutral, PublicKeyToken=7cec85d7bea7798e
LOG: Attempting download of new URL file:///C:/Development/WhitePaperBible/WhitePaperBible.Tests/bin/Debug/System.Net.DLL.
LOG: Attempting download of new URL file:///C:/Development/WhitePaperBible/WhitePaperBible.Tests/bin/Debug/System.Net/System.Net.DLL.
LOG: Attempting download of new URL file:///C:/Development/WhitePaperBible/WhitePaperBible.Tests/bin/Debug/System.Net.EXE.
LOG: Attempting download of new URL file:///C:/Development/WhitePaperBible/WhitePaperBible.Tests/bin/Debug/System.Net/System.Net.EXE.
</Message>
          <StackTrace>    at WhitePaperBible.Services.PaperService.GetPapers(Action`1 success, Action`1 failure)
   at WhitePaperBible.Tests.UnitTest1.CanRetrieveAListOfPapers() in C:\Development\WhitePaperBible\WhitePaperBible.Tests\UnitTest1.cs:line 68
</StackTrace>
        </ErrorInfo>
      </Output>
    </UnitTestResult>
  </Results>
</TestRun>